# JRE version: OpenJDK Runtime Environment (8.0_202-b03) (build 1.8.0_202-release-1483-b03)
# Java VM: OpenJDK 64-Bit Server VM (25.202-b03 mixed mode windows-amd64 compressed oops)
Heap:
 PSYoungGen      total 272896K, used 69481K [0x00000000e0000000, 0x00000000f5a80000, 0x0000000100000000)
  eden space 251904K, 23% used [0x00000000e0000000,0x00000000e39e4e40,0x00000000ef600000)
  from space 20992K, 48% used [0x00000000ef600000,0x00000000efff5680,0x00000000f0a80000)
  to   space 19968K, 0% used [0x00000000f4700000,0x00000000f4700000,0x00000000f5a80000)
 ParOldGen       total 100864K, used 51636K [0x00000000a0000000, 0x00000000a6280000, 0x00000000e0000000)
  object space 100864K, 51% used [0x00000000a0000000,0x00000000a326d3f0,0x00000000a6280000)
 Metaspace       used 84012K, capacity 87022K, committed 87128K, reserved 1124352K
  class space    used 10730K, capacity 11316K, committed 11392K, reserved 1048576K
GC Heap History (10 events):
Event: 645.466 GC heap before
{Heap before GC invocations=20 (full 3):
 PSYoungGen      total 219648K, used 212612K [0x00000000e0000000, 0x00000000efe80000, 0x0000000100000000)
  eden space 203776K, 100% used [0x00000000e0000000,0x00000000ec700000,0x00000000ec700000)
  from space 15872K, 55% used [0x00000000ed600000,0x00000000edea1090,0x00000000ee580000)
  to   space 15360K, 0% used [0x00000000ec700000,0x00000000ec700000,0x00000000ed600000)
 ParOldGen       total 100864K, used 30748K [0x00000000a0000000, 0x00000000a6280000, 0x00000000e0000000)
  object space 100864K, 30% used [0x00000000a0000000,0x00000000a1e070d0,0x00000000a6280000)
 Metaspace       used 81085K, capacity 83970K, committed 84056K, reserved 1122304K
  class space    used 10564K, capacity 11128K, committed 11136K, reserved 1048576K
Event: 645.562 GC heap after
Heap after GC invocations=20 (full 3):
 PSYoungGen      total 219136K, used 15334K [0x00000000e0000000, 0x00000000f0180000, 0x0000000100000000)
  eden space 203776K, 0% used [0x00000000e0000000,0x00000000e0000000,0x00000000ec700000)
  from space 15360K, 99% used [0x00000000ec700000,0x00000000ed5f9be0,0x00000000ed600000)
  to   space 20480K, 0% used [0x00000000eed80000,0x00000000eed80000,0x00000000f0180000)
 ParOldGen       total 100864K, used 39259K [0x00000000a0000000, 0x00000000a6280000, 0x00000000e0000000)
  object space 100864K, 38% used [0x00000000a0000000,0x00000000a2656dc8,0x00000000a6280000)
 Metaspace       used 81085K, capacity 83970K, committed 84056K, reserved 1122304K
  class space    used 10564K, capacity 11128K, committed 11136K, reserved 1048576K
}
Event: 659.349 GC heap before
{Heap before GC invocations=21 (full 3):
 PSYoungGen      total 219136K, used 219110K [0x00000000e0000000, 0x00000000f0180000, 0x0000000100000000)
  eden space 203776K, 100% used [0x00000000e0000000,0x00000000ec700000,0x00000000ec700000)
  from space 15360K, 99% used [0x00000000ec700000,0x00000000ed5f9be0,0x00000000ed600000)
  to   space 20480K, 0% used [0x00000000eed80000,0x00000000eed80000,0x00000000f0180000)
 ParOldGen       total 100864K, used 39259K [0x00000000a0000000, 0x00000000a6280000, 0x00000000e0000000)
  object space 100864K, 38% used [0x00000000a0000000,0x00000000a2656dc8,0x00000000a6280000)
 Metaspace       used 83406K, capacity 86366K, committed 86616K, reserved 1124352K
  class space    used 10682K, capacity 11268K, committed 11392K, reserved 1048576K
Event: 659.548 GC heap after
Heap after GC invocations=21 (full 3):
 PSYoungGen      total 244224K, used 8711K [0x00000000e0000000, 0x00000000f0480000, 0x0000000100000000)
  eden space 223744K, 0% used [0x00000000e0000000,0x00000000e0000000,0x00000000eda80000)
  from space 20480K, 42% used [0x00000000eed80000,0x00000000ef601ce8,0x00000000f0180000)
  to   space 19456K, 0% used [0x00000000eda80000,0x00000000eda80000,0x00000000eed80000)
 ParOldGen       total 100864K, used 47760K [0x00000000a0000000, 0x00000000a6280000, 0x00000000e0000000)
  object space 100864K, 47% used [0x00000000a0000000,0x00000000a2ea41b8,0x00000000a6280000)
 Metaspace       used 83406K, capacity 86366K, committed 86616K, reserved 1124352K
  class space    used 10682K, capacity 11268K, committed 11392K, reserved 1048576K
}
Event: 668.752 GC heap before
{Heap before GC invocations=22 (full 3):
 PSYoungGen      total 244224K, used 232455K [0x00000000e0000000, 0x00000000f0480000, 0x0000000100000000)
  eden space 223744K, 100% used [0x00000000e0000000,0x00000000eda80000,0x00000000eda80000)
  from space 20480K, 42% used [0x00000000eed80000,0x00000000ef601ce8,0x00000000f0180000)
  to   space 19456K, 0% used [0x00000000eda80000,0x00000000eda80000,0x00000000eed80000)
 ParOldGen       total 100864K, used 47760K [0x00000000a0000000, 0x00000000a6280000, 0x00000000e0000000)
  object space 100864K, 47% used [0x00000000a0000000,0x00000000a2ea41b8,0x00000000a6280000)
 Metaspace       used 83782K, capacity 86770K, committed 86872K, reserved 1124352K
  class space    used 10715K, capacity 11308K, committed 11392K, reserved 1048576K
Event: 668.871 GC heap after
Heap after GC invocations=22 (full 3):
 PSYoungGen      total 243200K, used 14266K [0x00000000e0000000, 0x00000000f1e80000, 0x0000000100000000)
  eden space 223744K, 0% used [0x00000000e0000000,0x00000000e0000000,0x00000000eda80000)
  from space 19456K, 73% used [0x00000000eda80000,0x00000000ee86e930,0x00000000eed80000)
  to   space 20480K, 0% used [0x00000000f0a80000,0x00000000f0a80000,0x00000000f1e80000)
 ParOldGen       total 100864K, used 47768K [0x00000000a0000000, 0x00000000a6280000, 0x00000000e0000000)
  object space 100864K, 47% used [0x00000000a0000000,0x00000000a2ea61b8,0x00000000a6280000)
 Metaspace       used 83782K, capacity 86770K, committed 86872K, reserved 1124352K
  class space    used 10715K, capacity 11308K, committed 11392K, reserved 1048576K
}
Event: 674.780 GC heap before
{Heap before GC invocations=23 (full 3):
 PSYoungGen      total 243200K, used 238010K [0x00000000e0000000, 0x00000000f1e80000, 0x0000000100000000)
  eden space 223744K, 100% used [0x00000000e0000000,0x00000000eda80000,0x00000000eda80000)
  from space 19456K, 73% used [0x00000000eda80000,0x00000000ee86e930,0x00000000eed80000)
  to   space 20480K, 0% used [0x00000000f0a80000,0x00000000f0a80000,0x00000000f1e80000)
 ParOldGen       total 100864K, used 47768K [0x00000000a0000000, 0x00000000a6280000, 0x00000000e0000000)
  object space 100864K, 47% used [0x00000000a0000000,0x00000000a2ea61b8,0x00000000a6280000)
 Metaspace       used 83841K, capacity 86840K, committed 87128K, reserved 1124352K
  class space    used 10716K, capacity 11309K, committed 11392K, reserved 1048576K
Event: 675.577 GC heap after
Heap after GC invocations=23 (full 3):
 PSYoungGen      total 272384K, used 14774K [0x00000000e0000000, 0x00000000f3c80000, 0x0000000100000000)
  eden space 251904K, 0% used [0x00000000e0000000,0x00000000e0000000,0x00000000ef600000)
  from space 20480K, 72% used [0x00000000f0a80000,0x00000000f18ed848,0x00000000f1e80000)
  to   space 20992K, 0% used [0x00000000ef600000,0x00000000ef600000,0x00000000f0a80000)
 ParOldGen       total 100864K, used 47768K [0x00000000a0000000, 0x00000000a6280000, 0x00000000e0000000)
  object space 100864K, 47% used [0x00000000a0000000,0x00000000a2ea61b8,0x00000000a6280000)
 Metaspace       used 83841K, capacity 86840K, committed 87128K, reserved 1124352K
  class space    used 10716K, capacity 11309K, committed 11392K, reserved 1048576K
}
Event: 682.924 GC heap before
{Heap before GC invocations=24 (full 3):
 PSYoungGen      total 272384K, used 266678K [0x00000000e0000000, 0x00000000f3c80000, 0x0000000100000000)
  eden space 251904K, 100% used [0x00000000e0000000,0x00000000ef600000,0x00000000ef600000)
  from space 20480K, 72% used [0x00000000f0a80000,0x00000000f18ed848,0x00000000f1e80000)
  to   space 20992K, 0% used [0x00000000ef600000,0x00000000ef600000,0x00000000f0a80000)
 ParOldGen       total 100864K, used 47768K [0x00000000a0000000, 0x00000000a6280000, 0x00000000e0000000)
  object space 100864K, 47% used [0x00000000a0000000,0x00000000a2ea61b8,0x00000000a6280000)
 Metaspace       used 83994K, capacity 86952K, committed 87128K, reserved 1124352K
  class space    used 10729K, capacity 11315K, committed 11392K, reserved 1048576K
Event: 683.074 GC heap after
Heap after GC invocations=24 (full 3):
 PSYoungGen      total 272896K, used 10197K [0x00000000e0000000, 0x00000000f5a80000, 0x0000000100000000)
  eden space 251904K, 0% used [0x00000000e0000000,0x00000000e0000000,0x00000000ef600000)
  from space 20992K, 48% used [0x00000000ef600000,0x00000000efff5680,0x00000000f0a80000)
  to   space 19968K, 0% used [0x00000000f4700000,0x00000000f4700000,0x00000000f5a80000)
 ParOldGen       total 100864K, used 51636K [0x00000000a0000000, 0x00000000a6280000, 0x00000000e0000000)
  object space 100864K, 51% used [0x00000000a0000000,0x00000000a326d3f0,0x00000000a6280000)
 Metaspace       used 83994K, capacity 86952K, committed 87128K, reserved 1124352K
  class space    used 10729K, capacity 11315K, committed 11392K, reserved 1048576K
}

